#
# A fatal error has been detected by the Java Runtime Environment:
#
#  Internal Error (javaClasses.cpp:129), pid=11352, tid=139694029526784
#  fatal error: Invalid layout of preloaded class
#
# JRE version: 7.0_09-b30
# Java VM: OpenJDK 64-Bit Server VM (23.2-b09 mixed mode linux-amd64 compressed oops)
# Failed to write core dump. Core dumps have been disabled. To enable core dumping, try "ulimit -c unlimited" before starting Java again
#
# If you would like to submit a bug report, please include
# instructions on how to reproduce the bug and visit:
#   https://bugs.launchpad.net/ubuntu/+source/openjdk-7/
#

---------------  T H R E A D  ---------------

Current thread (0x00007f0d04009000):  JavaThread "Unknown thread" [_thread_in_vm, id=11354, stack(0x00007f0d0cf1d000,0x00007f0d0d01e000)]

Stack: [0x00007f0d0cf1d000,0x00007f0d0d01e000],  sp=0x00007f0d0d01c9e0,  free space=1022k
Native frames: (J=compiled Java code, j=interpreted, Vv=VM code, C=native code)
V  [libjvm.so+0x856a0b]  VMError::report_and_die()+0x16b
V  [libjvm.so+0x3ee247]  report_fatal(char const*, int, char const*)+0x57
V  [libjvm.so+0x52abda]  compute_offset(int&, klassOopDesc*, Symbol*, Symbol*, bool) [clone .constprop.122]+0x11a
V  [libjvm.so+0x52ace6]  java_lang_String::compute_offsets()+0x36
V  [libjvm.so+0x7e358d]  SystemDictionary::initialize_preloaded_classes(Thread*)+0x3d
V  [libjvm.so+0x8304e8]  Universe::genesis(Thread*)+0x468
V  [libjvm.so+0x83099f]  universe2_init()+0x1f
V  [libjvm.so+0x4df4ba]  init_globals()+0x9a
V  [libjvm.so+0x813f0c]  Threads::create_vm(JavaVMInitArgs*, bool*)+0x39c
V  [libjvm.so+0x547868]  JNI_CreateJavaVM+0x58
C  [libjli.so+0x28f4]  __strcat_chk+0x28f4


---------------  P R O C E S S  ---------------

Java Threads: ( => current thread )

Other Threads:

=>0x00007f0d04009000 (exited) JavaThread "Unknown thread" [_thread_in_vm, id=11354, stack(0x00007f0d0cf1d000,0x00007f0d0d01e000)]

VM state:not at safepoint (not fully initialized)

VM Mutex/Monitor currently owned by a thread: None

GC Heap History (0 events):
No events

Deoptimization events (0 events):
No events

Internal exceptions (0 events):
No events

Events (10 events):
Event: 0.012 loading class 0x00007f0d0402ae60 done
Event: 0.013 loading class 0x00007f0d0402a700 done
Event: 0.013 loading class 0x00007f0d0402a6d0
Event: 0.013 loading class 0x00007f0d040558c0
Event: 0.014 loading class 0x00007f0d040558c0 done
Event: 0.014 loading class 0x00007f0d04055900
Event: 0.014 loading class 0x00007f0d04055900 done
Event: 0.014 loading class 0x00007f0d04055940
Event: 0.014 loading class 0x00007f0d04055940 done
Event: 0.015 loading class 0x00007f0d0402a6d0 done


Dynamic libraries:
00400000-00401000 r-xp 00000000 fc:00 29888824                           /usr/lib/jvm/java-7-openjdk-amd64/jre/bin/java
00600000-00601000 r--p 00000000 fc:00 29888824                           /usr/lib/jvm/java-7-openjdk-amd64/jre/bin/java
00601000-00602000 rw-p 00001000 fc:00 29888824                           /usr/lib/jvm/java-7-openjdk-amd64/jre/bin/java
019ea000-01a0b000 rw-p 00000000 00:00 0                                  [heap]
99e00000-9b2c0000 rw-p 00000000 00:00 0 
9b2c0000-a4400000 rw-p 00000000 00:00 0 
a4400000-a8120000 rw-p 00000000 00:00 0 
a8120000-e16b0000 rw-p 00000000 00:00 0 
e16b0000-e3540000 rw-p 00000000 00:00 0 
e3540000-100000000 rw-p 00000000 00:00 0 
7f0ce4000000-7f0ce4021000 rw-p 00000000 00:00 0 
7f0ce4021000-7f0ce8000000 ---p 00000000 00:00 0 
7f0cec000000-7f0cec021000 rw-p 00000000 00:00 0 
7f0cec021000-7f0cf0000000 ---p 00000000 00:00 0 
7f0cf4000000-7f0cf4021000 rw-p 00000000 00:00 0 
7f0cf4021000-7f0cf8000000 ---p 00000000 00:00 0 
7f0cf8cf0000-7f0cfc000000 rw-p 00000000 00:00 0 
7f0cfc000000-7f0cfc021000 rw-p 00000000 00:00 0 
7f0cfc021000-7f0d00000000 ---p 00000000 00:00 0 
7f0d01000000-7f0d01270000 rwxp 00000000 00:00 0 
7f0d01270000-7f0d04060000 rw-p 00000000 00:00 0 
7f0d04060000-7f0d08000000 ---p 00000000 00:00 0 
7f0d0833c000-7f0d0857f000 rw-p 00000000 00:00 0 
7f0d0857f000-7f0d08644000 r--s 0115c000 fc:00 40769864                   /home/renan/Documentos/Programas/adt-bundle-linux-x86_64/sdk/platforms/android-17/android.jar
7f0d08644000-7f0d09308000 rw-p 00000000 00:00 0 
7f0d09308000-7f0d09309000 ---p 00000000 00:00 0 
7f0d09309000-7f0d09409000 rw-p 00000000 00:00 0                          [stack:11358]
7f0d09409000-7f0d0940a000 ---p 00000000 00:00 0 
7f0d0940a000-7f0d0950a000 rw-p 00000000 00:00 0                          [stack:11357]
7f0d0950a000-7f0d0950b000 ---p 00000000 00:00 0 
7f0d0950b000-7f0d0960b000 rw-p 00000000 00:00 0                          [stack:11356]
7f0d0960b000-7f0d0960c000 ---p 00000000 00:00 0 
7f0d0960c000-7f0d09717000 rw-p 00000000 00:00 0                          [stack:11355]
7f0d09717000-7f0d0975f000 rw-p 00000000 00:00 0 
7f0d0975f000-7f0d0977e000 rw-p 00000000 00:00 0 
7f0d0977e000-7f0d09949000 rw-p 00000000 00:00 0 
7f0d09949000-7f0d09954000 rw-p 00000000 00:00 0 
7f0d09954000-7f0d0999c000 rw-p 00000000 00:00 0 
7f0d0999c000-7f0d099bb000 rw-p 00000000 00:00 0 
7f0d099bb000-7f0d09b85000 rw-p 00000000 00:00 0 
7f0d09b85000-7f0d09b95000 rw-p 00000000 00:00 0 
7f0d09b95000-7f0d09c7a000 rw-p 00000000 00:00 0 
7f0d09c7a000-7f0d09c7b000 rw-p 00000000 00:00 0 
7f0d09c7b000-7f0d09c83000 r-xp 00000000 fc:00 29888822                   /usr/lib/jvm/java-7-openjdk-amd64/jre/lib/amd64/libzip.so
7f0d09c83000-7f0d09e82000 ---p 00008000 fc:00 29888822                   /usr/lib/jvm/java-7-openjdk-amd64/jre/lib/amd64/libzip.so
7f0d09e82000-7f0d09e83000 r--p 00007000 fc:00 29888822                   /usr/lib/jvm/java-7-openjdk-amd64/jre/lib/amd64/libzip.so
7f0d09e83000-7f0d09e84000 rw-p 00008000 fc:00 29888822                   /usr/lib/jvm/java-7-openjdk-amd64/jre/lib/amd64/libzip.so
7f0d09e84000-7f0d09e90000 r-xp 00000000 fc:00 34082289                   /lib/x86_64-linux-gnu/libnss_files-2.15.so
7f0d09e90000-7f0d0a08f000 ---p 0000c000 fc:00 34082289                   /lib/x86_64-linux-gnu/libnss_files-2.15.so
7f0d0a08f000-7f0d0a090000 r--p 0000b000 fc:00 34082289                   /lib/x86_64-linux-gnu/libnss_files-2.15.so
7f0d0a090000-7f0d0a091000 rw-p 0000c000 fc:00 34082289                   /lib/x86_64-linux-gnu/libnss_files-2.15.so
7f0d0a091000-7f0d0a09b000 r-xp 00000000 fc:00 34082293                   /lib/x86_64-linux-gnu/libnss_nis-2.15.so
7f0d0a09b000-7f0d0a29b000 ---p 0000a000 fc:00 34082293                   /lib/x86_64-linux-gnu/libnss_nis-2.15.so
7f0d0a29b000-7f0d0a29c000 r--p 0000a000 fc:00 34082293                   /lib/x86_64-linux-gnu/libnss_nis-2.15.so
7f0d0a29c000-7f0d0a29d000 rw-p 0000b000 fc:00 34082293                   /lib/x86_64-linux-gnu/libnss_nis-2.15.so
7f0d0a29d000-7f0d0a2b4000 r-xp 00000000 fc:00 34082283                   /lib/x86_64-linux-gnu/libnsl-2.15.so
7f0d0a2b4000-7f0d0a4b3000 ---p 00017000 fc:00 34082283                   /lib/x86_64-linux-gnu/libnsl-2.15.so
7f0d0a4b3000-7f0d0a4b4000 r--p 00016000 fc:00 34082283                   /lib/x86_64-linux-gnu/libnsl-2.15.so
7f0d0a4b4000-7f0d0a4b5000 rw-p 00017000 fc:00 34082283                   /lib/x86_64-linux-gnu/libnsl-2.15.so
7f0d0a4b5000-7f0d0a4b7000 rw-p 00000000 00:00 0 
7f0d0a4b7000-7f0d0a4bf000 r-xp 00000000 fc:00 34082285                   /lib/x86_64-linux-gnu/libnss_compat-2.15.so
7f0d0a4bf000-7f0d0a6be000 ---p 00008000 fc:00 34082285                   /lib/x86_64-linux-gnu/libnss_compat-2.15.so
7f0d0a6be000-7f0d0a6bf000 r--p 00007000 fc:00 34082285                   /lib/x86_64-linux-gnu/libnss_compat-2.15.so
7f0d0a6bf000-7f0d0a6c0000 rw-p 00008000 fc:00 34082285                   /lib/x86_64-linux-gnu/libnss_compat-2.15.so
7f0d0a6c0000-7f0d0a6eb000 r-xp 00000000 fc:00 29888241                   /usr/lib/jvm/java-7-openjdk-amd64/jre/lib/amd64/libjava.so
7f0d0a6eb000-7f0d0a8ea000 ---p 0002b000 fc:00 29888241                   /usr/lib/jvm/java-7-openjdk-amd64/jre/lib/amd64/libjava.so
7f0d0a8ea000-7f0d0a8eb000 r--p 0002a000 fc:00 29888241                   /usr/lib/jvm/java-7-openjdk-amd64/jre/lib/amd64/libjava.so
7f0d0a8eb000-7f0d0a8ed000 rw-p 0002b000 fc:00 29888241                   /usr/lib/jvm/java-7-openjdk-amd64/jre/lib/amd64/libjava.so
7f0d0a8ed000-7f0d0a8fc000 r-xp 00000000 fc:00 29888240                   /usr/lib/jvm/java-7-openjdk-amd64/jre/lib/amd64/libverify.so
7f0d0a8fc000-7f0d0aafb000 ---p 0000f000 fc:00 29888240                   /usr/lib/jvm/java-7-openjdk-amd64/jre/lib/amd64/libverify.so
7f0d0aafb000-7f0d0aafd000 r--p 0000e000 fc:00 29888240                   /usr/lib/jvm/java-7-openjdk-amd64/jre/lib/amd64/libverify.so
7f0d0aafd000-7f0d0aafe000 rw-p 00010000 fc:00 29888240                   /usr/lib/jvm/java-7-openjdk-amd64/jre/lib/amd64/libverify.so
7f0d0aafe000-7f0d0ab05000 r-xp 00000000 fc:00 34082328                   /lib/x86_64-linux-gnu/librt-2.15.so
7f0d0ab05000-7f0d0ad04000 ---p 00007000 fc:00 34082328                   /lib/x86_64-linux-gnu/librt-2.15.so
7f0d0ad04000-7f0d0ad05000 r--p 00006000 fc:00 34082328                   /lib/x86_64-linux-gnu/librt-2.15.so
7f0d0ad05000-7f0d0ad06000 rw-p 00007000 fc:00 34082328                   /lib/x86_64-linux-gnu/librt-2.15.so
7f0d0ad06000-7f0d0ad1b000 r-xp 00000000 fc:00 34082249                   /lib/x86_64-linux-gnu/libgcc_s.so.1
7f0d0ad1b000-7f0d0af1a000 ---p 00015000 fc:00 34082249                   /lib/x86_64-linux-gnu/libgcc_s.so.1
7f0d0af1a000-7f0d0af1b000 r--p 00014000 fc:00 34082249                   /lib/x86_64-linux-gnu/libgcc_s.so.1
7f0d0af1b000-7f0d0af1c000 rw-p 00015000 fc:00 34082249                   /lib/x86_64-linux-gnu/libgcc_s.so.1
7f0d0af1c000-7f0d0b017000 r-xp 00000000 fc:00 34082266                   /lib/x86_64-linux-gnu/libm-2.15.so
7f0d0b017000-7f0d0b216000 ---p 000fb000 fc:00 34082266                   /lib/x86_64-linux-gnu/libm-2.15.so
7f0d0b216000-7f0d0b217000 r--p 000fa000 fc:00 34082266                   /lib/x86_64-linux-gnu/libm-2.15.so
7f0d0b217000-7f0d0b218000 rw-p 000fb000 fc:00 34082266                   /lib/x86_64-linux-gnu/libm-2.15.so
7f0d0b218000-7f0d0b2fd000 r-xp 00000000 fc:00 28843477                   /usr/lib/x86_64-linux-gnu/libstdc++.so.6.0.17
7f0d0b2fd000-7f0d0b4fc000 ---p 000e5000 fc:00 28843477                   /usr/lib/x86_64-linux-gnu/libstdc++.so.6.0.17
7f0d0b4fc000-7f0d0b504000 r--p 000e4000 fc:00 28843477                   /usr/lib/x86_64-linux-gnu/libstdc++.so.6.0.17
7f0d0b504000-7f0d0b506000 rw-p 000ec000 fc:00 28843477                   /usr/lib/x86_64-linux-gnu/libstdc++.so.6.0.17
7f0d0b506000-7f0d0b51b000 rw-p 00000000 00:00 0 
7f0d0b51b000-7f0d0bf16000 r-xp 00000000 fc:00 29888246                   /usr/lib/jvm/java-7-openjdk-amd64/jre/lib/amd64/server/libjvm.so
7f0d0bf16000-7f0d0c115000 ---p 009fb000 fc:00 29888246                   /usr/lib/jvm/java-7-openjdk-amd64/jre/lib/amd64/server/libjvm.so
7f0d0c115000-7f0d0c194000 r--p 009fa000 fc:00 29888246                   /usr/lib/jvm/java-7-openjdk-amd64/jre/lib/amd64/server/libjvm.so
7f0d0c194000-7f0d0c1b7000 rw-p 00a79000 fc:00 29888246                   /usr/lib/jvm/java-7-openjdk-amd64/jre/lib/amd64/server/libjvm.so
7f0d0c1b7000-7f0d0c1e2000 rw-p 00000000 00:00 0 
7f0d0c1e2000-7f0d0c1f8000 r-xp 00000000 fc:00 34082358                   /lib/x86_64-linux-gnu/libz.so.1.2.7
7f0d0c1f8000-7f0d0c3f7000 ---p 00016000 fc:00 34082358                   /lib/x86_64-linux-gnu/libz.so.1.2.7
7f0d0c3f7000-7f0d0c3f8000 r--p 00015000 fc:00 34082358                   /lib/x86_64-linux-gnu/libz.so.1.2.7
7f0d0c3f8000-7f0d0c3f9000 rw-p 00016000 fc:00 34082358                   /lib/x86_64-linux-gnu/libz.so.1.2.7
7f0d0c3f9000-7f0d0c411000 r-xp 00000000 fc:00 34082320                   /lib/x86_64-linux-gnu/libpthread-2.15.so
7f0d0c411000-7f0d0c610000 ---p 00018000 fc:00 34082320                   /lib/x86_64-linux-gnu/libpthread-2.15.so
7f0d0c610000-7f0d0c611000 r--p 00017000 fc:00 34082320                   /lib/x86_64-linux-gnu/libpthread-2.15.so
7f0d0c611000-7f0d0c612000 rw-p 00018000 fc:00 34082320                   /lib/x86_64-linux-gnu/libpthread-2.15.so
7f0d0c612000-7f0d0c616000 rw-p 00000000 00:00 0 
7f0d0c616000-7f0d0c618000 r-xp 00000000 fc:00 34082239                   /lib/x86_64-linux-gnu/libdl-2.15.so
7f0d0c618000-7f0d0c818000 ---p 00002000 fc:00 34082239                   /lib/x86_64-linux-gnu/libdl-2.15.so
7f0d0c818000-7f0d0c819000 r--p 00002000 fc:00 34082239                   /lib/x86_64-linux-gnu/libdl-2.15.so
7f0d0c819000-7f0d0c81a000 rw-p 00003000 fc:00 34082239                   /lib/x86_64-linux-gnu/libdl-2.15.so
7f0d0c81a000-7f0d0c9cf000 r-xp 00000000 fc:00 34082224                   /lib/x86_64-linux-gnu/libc-2.15.so
7f0d0c9cf000-7f0d0cbce000 ---p 001b5000 fc:00 34082224                   /lib/x86_64-linux-gnu/libc-2.15.so
7f0d0cbce000-7f0d0cbd2000 r--p 001b4000 fc:00 34082224                   /lib/x86_64-linux-gnu/libc-2.15.so
7f0d0cbd2000-7f0d0cbd4000 rw-p 001b8000 fc:00 34082224                   /lib/x86_64-linux-gnu/libc-2.15.so
7f0d0cbd4000-7f0d0cbd9000 rw-p 00000000 00:00 0 
7f0d0cbf5000-7f0d0cc02000 r-xp 00000000 fc:00 29887725                   /usr/lib/jvm/java-7-openjdk-amd64/jre/lib/amd64/jli/libjli.so
7f0d0cc02000-7f0d0ce01000 ---p 0000d000 fc:00 29887725                   /usr/lib/jvm/java-7-openjdk-amd64/jre/lib/amd64/jli/libjli.so
7f0d0ce01000-7f0d0ce02000 r--p 0000c000 fc:00 29887725                   /usr/lib/jvm/java-7-openjdk-amd64/jre/lib/amd64/jli/libjli.so
7f0d0ce02000-7f0d0ce03000 rw-p 0000d000 fc:00 29887725                   /usr/lib/jvm/java-7-openjdk-amd64/jre/lib/amd64/jli/libjli.so
7f0d0ce03000-7f0d0ce25000 r-xp 00000000 fc:00 34082202                   /lib/x86_64-linux-gnu/ld-2.15.so
7f0d0ce2b000-7f0d0ce5d000 rw-p 00000000 00:00 0 
7f0d0ce5d000-7f0d0cf13000 rw-p 00000000 00:00 0 
7f0d0cf13000-7f0d0cf1b000 rw-s 00000000 fc:00 15990829                   /tmp/hsperfdata_renan/11352
7f0d0cf1b000-7f0d0cf1c000 rw-p 00000000 00:00 0 
7f0d0cf1c000-7f0d0cf1d000 r--p 00000000 00:00 0 
7f0d0cf1d000-7f0d0cf20000 ---p 00000000 00:00 0 
7f0d0cf20000-7f0d0d025000 rw-p 00000000 00:00 0                          [stack:11354]
7f0d0d025000-7f0d0d026000 r--p 00022000 fc:00 34082202                   /lib/x86_64-linux-gnu/ld-2.15.so
7f0d0d026000-7f0d0d028000 rw-p 00023000 fc:00 34082202                   /lib/x86_64-linux-gnu/ld-2.15.so
7fff8d9db000-7fff8d9fc000 rw-p 00000000 00:00 0                          [stack]
7fff8d9ff000-7fff8da00000 r-xp 00000000 00:00 0                          [vdso]
ffffffffff600000-ffffffffff601000 r-xp 00000000 00:00 0                  [vsyscall]

VM Arguments:
jvm_args: -Dfile.encoding=UTF-8 -Xbootclasspath:/home/renan/Documentos/Programas/adt-bundle-linux-x86_64/sdk/platforms/android-17/android.jar 
java_command: com.dispositivo.buslocation.DB
Launcher Type: SUN_STANDARD

Environment Variables:
PATH=/usr/lib/lightdm/lightdm:/usr/local/sbin:/usr/local/bin:/usr/sbin:/usr/bin:/sbin:/bin:/usr/games:/usr/local/games
SHELL=/bin/bash
DISPLAY=:0

Signal Handlers:
SIGSEGV: [libjvm.so+0x8574f0], sa_mask[0]=0x7ffbfeff, sa_flags=0x10000004
SIGBUS: [libjvm.so+0x8574f0], sa_mask[0]=0x7ffbfeff, sa_flags=0x10000004
SIGFPE: [libjvm.so+0x6f81f0], sa_mask[0]=0x7ffbfeff, sa_flags=0x10000004
SIGPIPE: [libjvm.so+0x6f81f0], sa_mask[0]=0x7ffbfeff, sa_flags=0x10000004
SIGXFSZ: [libjvm.so+0x6f81f0], sa_mask[0]=0x7ffbfeff, sa_flags=0x10000004
SIGILL: [libjvm.so+0x6f81f0], sa_mask[0]=0x7ffbfeff, sa_flags=0x10000004
SIGUSR1: SIG_DFL, sa_mask[0]=0x00000000, sa_flags=0x00000000
SIGUSR2: [libjvm.so+0x6f8440], sa_mask[0]=0x00000004, sa_flags=0x10000004
SIGHUP: SIG_DFL, sa_mask[0]=0x00000000, sa_flags=0x00000000
SIGINT: SIG_DFL, sa_mask[0]=0x00000000, sa_flags=0x00000000
SIGTERM: SIG_DFL, sa_mask[0]=0x00000000, sa_flags=0x00000000
SIGQUIT: SIG_DFL, sa_mask[0]=0x00000000, sa_flags=0x00000000


---------------  S Y S T E M  ---------------

OS:Ubuntu 12.10 (quantal)
uname:Linux 3.5.0-23-generic #35-Ubuntu SMP Thu Jan 24 13:15:40 UTC 2013 x86_64
libc:glibc 2.15 NPTL 2.15 
rlimit: STACK 8192k, CORE 0k, NPROC 46767, NOFILE 4096, AS infinity
load average:0.75 0.62 0.57

/proc/meminfo:
MemTotal:        6005420 kB
MemFree:         1516396 kB
Buffers:          167752 kB
Cached:          1644992 kB
SwapCached:            0 kB
Active:          2973420 kB
Inactive:        1208304 kB
Active(anon):    2410052 kB
Inactive(anon):   338896 kB
Active(file):     563368 kB
Inactive(file):   869408 kB
Unevictable:       31424 kB
Mlocked:           31440 kB
SwapTotal:       6184956 kB
SwapFree:        6184956 kB
Dirty:               716 kB
Writeback:             0 kB
AnonPages:       2400680 kB
Mapped:           226624 kB
Shmem:            374144 kB
Slab:             133220 kB
SReclaimable:     100896 kB
SUnreclaim:        32324 kB
KernelStack:        4512 kB
PageTables:        43848 kB
NFS_Unstable:          0 kB
Bounce:                0 kB
WritebackTmp:          0 kB
CommitLimit:     9187664 kB
Committed_AS:    6925832 kB
VmallocTotal:   34359738367 kB
VmallocUsed:      374472 kB
VmallocChunk:   34359356028 kB
HardwareCorrupted:     0 kB
AnonHugePages:         0 kB
HugePages_Total:       0
HugePages_Free:        0
HugePages_Rsvd:        0
HugePages_Surp:        0
Hugepagesize:       2048 kB
DirectMap4k:      135164 kB
DirectMap2M:     6051840 kB


CPU:total 4 (2 cores per cpu, 2 threads per core) family 6 model 42 stepping 7, cmov, cx8, fxsr, mmx, sse, sse2, sse3, ssse3, sse4.1, sse4.2, popcnt, avx, ht, tsc, tscinvbit

/proc/cpuinfo:
processor	: 0
vendor_id	: GenuineIntel
cpu family	: 6
model		: 42
model name	: Intel(R) Core(TM) i5-2430M CPU @ 2.40GHz
stepping	: 7
microcode	: 0x23
cpu MHz		: 1000.000
cache size	: 3072 KB
physical id	: 0
siblings	: 4
core id		: 0
cpu cores	: 2
apicid		: 0
initial apicid	: 0
fpu		: yes
fpu_exception	: yes
cpuid level	: 13
wp		: yes
flags		: fpu vme de pse tsc msr pae mce cx8 apic sep mtrr pge mca cmov pat pse36 clflush dts acpi mmx fxsr sse sse2 ss ht tm pbe syscall nx rdtscp lm constant_tsc arch_perfmon pebs bts nopl xtopology nonstop_tsc aperfmperf pni pclmulqdq dtes64 monitor ds_cpl vmx est tm2 ssse3 cx16 xtpr pdcm pcid sse4_1 sse4_2 x2apic popcnt tsc_deadline_timer aes xsave avx lahf_lm ida arat epb xsaveopt pln pts dtherm tpr_shadow vnmi flexpriority ept vpid
bogomips	: 4784.51
clflush size	: 64
cache_alignment	: 64
address sizes	: 36 bits physical, 48 bits virtual
power management:

processor	: 1
vendor_id	: GenuineIntel
cpu family	: 6
model		: 42
model name	: Intel(R) Core(TM) i5-2430M CPU @ 2.40GHz
stepping	: 7
microcode	: 0x23
cpu MHz		: 800.000
cache size	: 3072 KB
physical id	: 0
siblings	: 4
core id		: 0
cpu cores	: 2
apicid		: 1
initial apicid	: 1
fpu		: yes
fpu_exception	: yes
cpuid level	: 13
wp		: yes
flags		: fpu vme de pse tsc msr pae mce cx8 apic sep mtrr pge mca cmov pat pse36 clflush dts acpi mmx fxsr sse sse2 ss ht tm pbe syscall nx rdtscp lm constant_tsc arch_perfmon pebs bts nopl xtopology nonstop_tsc aperfmperf pni pclmulqdq dtes64 monitor ds_cpl vmx est tm2 ssse3 cx16 xtpr pdcm pcid sse4_1 sse4_2 x2apic popcnt tsc_deadline_timer aes xsave avx lahf_lm ida arat epb xsaveopt pln pts dtherm tpr_shadow vnmi flexpriority ept vpid
bogomips	: 4784.51
clflush size	: 64
cache_alignment	: 64
address sizes	: 36 bits physical, 48 bits virtual
power management:

processor	: 2
vendor_id	: GenuineIntel
cpu family	: 6
model		: 42
model name	: Intel(R) Core(TM) i5-2430M CPU @ 2.40GHz
stepping	: 7
microcode	: 0x23
cpu MHz		: 800.000
cache size	: 3072 KB
physical id	: 0
siblings	: 4
core id		: 1
cpu cores	: 2
apicid		: 2
initial apicid	: 2
fpu		: yes
fpu_exception	: yes
cpuid level	: 13
wp		: yes
flags		: fpu vme de pse tsc msr pae mce cx8 apic sep mtrr pge mca cmov pat pse36 clflush dts acpi mmx fxsr sse sse2 ss ht tm pbe syscall nx rdtscp lm constant_tsc arch_perfmon pebs bts nopl xtopology nonstop_tsc aperfmperf pni pclmulqdq dtes64 monitor ds_cpl vmx est tm2 ssse3 cx16 xtpr pdcm pcid sse4_1 sse4_2 x2apic popcnt tsc_deadline_timer aes xsave avx lahf_lm ida arat epb xsaveopt pln pts dtherm tpr_shadow vnmi flexpriority ept vpid
bogomips	: 4784.51
clflush size	: 64
cache_alignment	: 64
address sizes	: 36 bits physical, 48 bits virtual
power management:

processor	: 3
vendor_id	: GenuineIntel
cpu family	: 6
model		: 42
model name	: Intel(R) Core(TM) i5-2430M CPU @ 2.40GHz
stepping	: 7
microcode	: 0x23
cpu MHz		: 800.000
cache size	: 3072 KB
physical id	: 0
siblings	: 4
core id		: 1
cpu cores	: 2
apicid		: 3
initial apicid	: 3
fpu		: yes
fpu_exception	: yes
cpuid level	: 13
wp		: yes
flags		: fpu vme de pse tsc msr pae mce cx8 apic sep mtrr pge mca cmov pat pse36 clflush dts acpi mmx fxsr sse sse2 ss ht tm pbe syscall nx rdtscp lm constant_tsc arch_perfmon pebs bts nopl xtopology nonstop_tsc aperfmperf pni pclmulqdq dtes64 monitor ds_cpl vmx est tm2 ssse3 cx16 xtpr pdcm pcid sse4_1 sse4_2 x2apic popcnt tsc_deadline_timer aes xsave avx lahf_lm ida arat epb xsaveopt pln pts dtherm tpr_shadow vnmi flexpriority ept vpid
bogomips	: 4784.51
clflush size	: 64
cache_alignment	: 64
address sizes	: 36 bits physical, 48 bits virtual
power management:



Memory: 4k page, physical 6005420k(1516396k free), swap 6184956k(6184956k free)

vm_info: OpenJDK 64-Bit Server VM (23.2-b09) for linux-amd64 JRE (1.7.0_09-b30), built on Jan 16 2013 03:28:09 by "buildd" with gcc 4.7.2

time: Mon Feb 18 10:47:07 2013
elapsed time: 0 seconds

