#
# A fatal error has been detected by the Java Runtime Environment:
#
#  Internal Error (javaClasses.cpp:129), pid=9761, tid=139943485425408
#  fatal error: Invalid layout of preloaded class
#
# JRE version: 7.0_09-b30
# Java VM: OpenJDK 64-Bit Server VM (23.2-b09 mixed mode linux-amd64 compressed oops)
# Failed to write core dump. Core dumps have been disabled. To enable core dumping, try "ulimit -c unlimited" before starting Java again
#
# If you would like to submit a bug report, please include
# instructions on how to reproduce the bug and visit:
#   https://bugs.launchpad.net/ubuntu/+source/openjdk-7/
#

---------------  T H R E A D  ---------------

Current thread (0x00007f4718009000):  JavaThread "Unknown thread" [_thread_in_vm, id=9766, stack(0x00007f4721acc000,0x00007f4721bcd000)]

Stack: [0x00007f4721acc000,0x00007f4721bcd000],  sp=0x00007f4721bcb9e0,  free space=1022k
Native frames: (J=compiled Java code, j=interpreted, Vv=VM code, C=native code)
V  [libjvm.so+0x856a0b]  VMError::report_and_die()+0x16b
V  [libjvm.so+0x3ee247]  report_fatal(char const*, int, char const*)+0x57
V  [libjvm.so+0x52abda]  compute_offset(int&, klassOopDesc*, Symbol*, Symbol*, bool) [clone .constprop.122]+0x11a
V  [libjvm.so+0x52ace6]  java_lang_String::compute_offsets()+0x36
V  [libjvm.so+0x7e358d]  SystemDictionary::initialize_preloaded_classes(Thread*)+0x3d
V  [libjvm.so+0x8304e8]  Universe::genesis(Thread*)+0x468
V  [libjvm.so+0x83099f]  universe2_init()+0x1f
V  [libjvm.so+0x4df4ba]  init_globals()+0x9a
V  [libjvm.so+0x813f0c]  Threads::create_vm(JavaVMInitArgs*, bool*)+0x39c
V  [libjvm.so+0x547868]  JNI_CreateJavaVM+0x58
C  [libjli.so+0x28f4]  __strcat_chk+0x28f4


---------------  P R O C E S S  ---------------

Java Threads: ( => current thread )

Other Threads:

=>0x00007f4718009000 (exited) JavaThread "Unknown thread" [_thread_in_vm, id=9766, stack(0x00007f4721acc000,0x00007f4721bcd000)]

VM state:not at safepoint (not fully initialized)

VM Mutex/Monitor currently owned by a thread: None

GC Heap History (0 events):
No events

Deoptimization events (0 events):
No events

Internal exceptions (0 events):
No events

Events (10 events):
Event: 0.006 loading class 0x00007f471802ae60 done
Event: 0.007 loading class 0x00007f471802a700 done
Event: 0.007 loading class 0x00007f471802a6d0
Event: 0.007 loading class 0x00007f47180558c0
Event: 0.007 loading class 0x00007f47180558c0 done
Event: 0.007 loading class 0x00007f4718055900
Event: 0.007 loading class 0x00007f4718055900 done
Event: 0.007 loading class 0x00007f4718055940
Event: 0.007 loading class 0x00007f4718055940 done
Event: 0.007 loading class 0x00007f471802a6d0 done


Dynamic libraries:
00400000-00401000 r-xp 00000000 fc:00 29888824                           /usr/lib/jvm/java-7-openjdk-amd64/jre/bin/java
00600000-00601000 r--p 00000000 fc:00 29888824                           /usr/lib/jvm/java-7-openjdk-amd64/jre/bin/java
00601000-00602000 rw-p 00001000 fc:00 29888824                           /usr/lib/jvm/java-7-openjdk-amd64/jre/bin/java
01dfa000-01e1b000 rw-p 00000000 00:00 0                                  [heap]
99e00000-9b2c0000 rw-p 00000000 00:00 0 
9b2c0000-a4400000 rw-p 00000000 00:00 0 
a4400000-a8120000 rw-p 00000000 00:00 0 
a8120000-e16b0000 rw-p 00000000 00:00 0 
e16b0000-e3540000 rw-p 00000000 00:00 0 
e3540000-100000000 rw-p 00000000 00:00 0 
7f46f8000000-7f46f8021000 rw-p 00000000 00:00 0 
7f46f8021000-7f46fc000000 ---p 00000000 00:00 0 
7f4700000000-7f4700021000 rw-p 00000000 00:00 0 
7f4700021000-7f4704000000 ---p 00000000 00:00 0 
7f4708000000-7f4708021000 rw-p 00000000 00:00 0 
7f4708021000-7f470c000000 ---p 00000000 00:00 0 
7f470ccf0000-7f4710000000 rw-p 00000000 00:00 0 
7f4710000000-7f4710021000 rw-p 00000000 00:00 0 
7f4710021000-7f4714000000 ---p 00000000 00:00 0 
7f4715000000-7f4715270000 rwxp 00000000 00:00 0 
7f4715270000-7f4718060000 rw-p 00000000 00:00 0 
7f4718060000-7f471c000000 ---p 00000000 00:00 0 
7f471ceeb000-7f471d12e000 rw-p 00000000 00:00 0 
7f471d12e000-7f471d1f3000 r--s 0115c000 fc:00 40769864                   /home/renan/Documentos/Programas/adt-bundle-linux-x86_64/sdk/platforms/android-17/android.jar
7f471d1f3000-7f471deb7000 rw-p 00000000 00:00 0 
7f471deb7000-7f471deb8000 ---p 00000000 00:00 0 
7f471deb8000-7f471dfb8000 rw-p 00000000 00:00 0                          [stack:9770]
7f471dfb8000-7f471dfb9000 ---p 00000000 00:00 0 
7f471dfb9000-7f471e0b9000 rw-p 00000000 00:00 0                          [stack:9769]
7f471e0b9000-7f471e0ba000 ---p 00000000 00:00 0 
7f471e0ba000-7f471e1ba000 rw-p 00000000 00:00 0                          [stack:9768]
7f471e1ba000-7f471e1bb000 ---p 00000000 00:00 0 
7f471e1bb000-7f471e2c6000 rw-p 00000000 00:00 0                          [stack:9767]
7f471e2c6000-7f471e30e000 rw-p 00000000 00:00 0 
7f471e30e000-7f471e32d000 rw-p 00000000 00:00 0 
7f471e32d000-7f471e4f8000 rw-p 00000000 00:00 0 
7f471e4f8000-7f471e503000 rw-p 00000000 00:00 0 
7f471e503000-7f471e54b000 rw-p 00000000 00:00 0 
7f471e54b000-7f471e56a000 rw-p 00000000 00:00 0 
7f471e56a000-7f471e734000 rw-p 00000000 00:00 0 
7f471e734000-7f471e744000 rw-p 00000000 00:00 0 
7f471e744000-7f471e829000 rw-p 00000000 00:00 0 
7f471e829000-7f471e82a000 rw-p 00000000 00:00 0 
7f471e82a000-7f471e832000 r-xp 00000000 fc:00 29888822                   /usr/lib/jvm/java-7-openjdk-amd64/jre/lib/amd64/libzip.so
7f471e832000-7f471ea31000 ---p 00008000 fc:00 29888822                   /usr/lib/jvm/java-7-openjdk-amd64/jre/lib/amd64/libzip.so
7f471ea31000-7f471ea32000 r--p 00007000 fc:00 29888822                   /usr/lib/jvm/java-7-openjdk-amd64/jre/lib/amd64/libzip.so
7f471ea32000-7f471ea33000 rw-p 00008000 fc:00 29888822                   /usr/lib/jvm/java-7-openjdk-amd64/jre/lib/amd64/libzip.so
7f471ea33000-7f471ea3f000 r-xp 00000000 fc:00 34082289                   /lib/x86_64-linux-gnu/libnss_files-2.15.so
7f471ea3f000-7f471ec3e000 ---p 0000c000 fc:00 34082289                   /lib/x86_64-linux-gnu/libnss_files-2.15.so
7f471ec3e000-7f471ec3f000 r--p 0000b000 fc:00 34082289                   /lib/x86_64-linux-gnu/libnss_files-2.15.so
7f471ec3f000-7f471ec40000 rw-p 0000c000 fc:00 34082289                   /lib/x86_64-linux-gnu/libnss_files-2.15.so
7f471ec40000-7f471ec4a000 r-xp 00000000 fc:00 34082293                   /lib/x86_64-linux-gnu/libnss_nis-2.15.so
7f471ec4a000-7f471ee4a000 ---p 0000a000 fc:00 34082293                   /lib/x86_64-linux-gnu/libnss_nis-2.15.so
7f471ee4a000-7f471ee4b000 r--p 0000a000 fc:00 34082293                   /lib/x86_64-linux-gnu/libnss_nis-2.15.so
7f471ee4b000-7f471ee4c000 rw-p 0000b000 fc:00 34082293                   /lib/x86_64-linux-gnu/libnss_nis-2.15.so
7f471ee4c000-7f471ee63000 r-xp 00000000 fc:00 34082283                   /lib/x86_64-linux-gnu/libnsl-2.15.so
7f471ee63000-7f471f062000 ---p 00017000 fc:00 34082283                   /lib/x86_64-linux-gnu/libnsl-2.15.so
7f471f062000-7f471f063000 r--p 00016000 fc:00 34082283                   /lib/x86_64-linux-gnu/libnsl-2.15.so
7f471f063000-7f471f064000 rw-p 00017000 fc:00 34082283                   /lib/x86_64-linux-gnu/libnsl-2.15.so
7f471f064000-7f471f066000 rw-p 00000000 00:00 0 
7f471f066000-7f471f06e000 r-xp 00000000 fc:00 34082285                   /lib/x86_64-linux-gnu/libnss_compat-2.15.so
7f471f06e000-7f471f26d000 ---p 00008000 fc:00 34082285                   /lib/x86_64-linux-gnu/libnss_compat-2.15.so
7f471f26d000-7f471f26e000 r--p 00007000 fc:00 34082285                   /lib/x86_64-linux-gnu/libnss_compat-2.15.so
7f471f26e000-7f471f26f000 rw-p 00008000 fc:00 34082285                   /lib/x86_64-linux-gnu/libnss_compat-2.15.so
7f471f26f000-7f471f29a000 r-xp 00000000 fc:00 29888241                   /usr/lib/jvm/java-7-openjdk-amd64/jre/lib/amd64/libjava.so
7f471f29a000-7f471f499000 ---p 0002b000 fc:00 29888241                   /usr/lib/jvm/java-7-openjdk-amd64/jre/lib/amd64/libjava.so
7f471f499000-7f471f49a000 r--p 0002a000 fc:00 29888241                   /usr/lib/jvm/java-7-openjdk-amd64/jre/lib/amd64/libjava.so
7f471f49a000-7f471f49c000 rw-p 0002b000 fc:00 29888241                   /usr/lib/jvm/java-7-openjdk-amd64/jre/lib/amd64/libjava.so
7f471f49c000-7f471f4ab000 r-xp 00000000 fc:00 29888240                   /usr/lib/jvm/java-7-openjdk-amd64/jre/lib/amd64/libverify.so
7f471f4ab000-7f471f6aa000 ---p 0000f000 fc:00 29888240                   /usr/lib/jvm/java-7-openjdk-amd64/jre/lib/amd64/libverify.so
7f471f6aa000-7f471f6ac000 r--p 0000e000 fc:00 29888240                   /usr/lib/jvm/java-7-openjdk-amd64/jre/lib/amd64/libverify.so
7f471f6ac000-7f471f6ad000 rw-p 00010000 fc:00 29888240                   /usr/lib/jvm/java-7-openjdk-amd64/jre/lib/amd64/libverify.so
7f471f6ad000-7f471f6b4000 r-xp 00000000 fc:00 34082328                   /lib/x86_64-linux-gnu/librt-2.15.so
7f471f6b4000-7f471f8b3000 ---p 00007000 fc:00 34082328                   /lib/x86_64-linux-gnu/librt-2.15.so
7f471f8b3000-7f471f8b4000 r--p 00006000 fc:00 34082328                   /lib/x86_64-linux-gnu/librt-2.15.so
7f471f8b4000-7f471f8b5000 rw-p 00007000 fc:00 34082328                   /lib/x86_64-linux-gnu/librt-2.15.so
7f471f8b5000-7f471f8ca000 r-xp 00000000 fc:00 34082249                   /lib/x86_64-linux-gnu/libgcc_s.so.1
7f471f8ca000-7f471fac9000 ---p 00015000 fc:00 34082249                   /lib/x86_64-linux-gnu/libgcc_s.so.1
7f471fac9000-7f471faca000 r--p 00014000 fc:00 34082249                   /lib/x86_64-linux-gnu/libgcc_s.so.1
7f471faca000-7f471facb000 rw-p 00015000 fc:00 34082249                   /lib/x86_64-linux-gnu/libgcc_s.so.1
7f471facb000-7f471fbc6000 r-xp 00000000 fc:00 34082266                   /lib/x86_64-linux-gnu/libm-2.15.so
7f471fbc6000-7f471fdc5000 ---p 000fb000 fc:00 34082266                   /lib/x86_64-linux-gnu/libm-2.15.so
7f471fdc5000-7f471fdc6000 r--p 000fa000 fc:00 34082266                   /lib/x86_64-linux-gnu/libm-2.15.so
7f471fdc6000-7f471fdc7000 rw-p 000fb000 fc:00 34082266                   /lib/x86_64-linux-gnu/libm-2.15.so
7f471fdc7000-7f471feac000 r-xp 00000000 fc:00 28843477                   /usr/lib/x86_64-linux-gnu/libstdc++.so.6.0.17
7f471feac000-7f47200ab000 ---p 000e5000 fc:00 28843477                   /usr/lib/x86_64-linux-gnu/libstdc++.so.6.0.17
7f47200ab000-7f47200b3000 r--p 000e4000 fc:00 28843477                   /usr/lib/x86_64-linux-gnu/libstdc++.so.6.0.17
7f47200b3000-7f47200b5000 rw-p 000ec000 fc:00 28843477                   /usr/lib/x86_64-linux-gnu/libstdc++.so.6.0.17
7f47200b5000-7f47200ca000 rw-p 00000000 00:00 0 
7f47200ca000-7f4720ac5000 r-xp 00000000 fc:00 29888246                   /usr/lib/jvm/java-7-openjdk-amd64/jre/lib/amd64/server/libjvm.so
7f4720ac5000-7f4720cc4000 ---p 009fb000 fc:00 29888246                   /usr/lib/jvm/java-7-openjdk-amd64/jre/lib/amd64/server/libjvm.so
7f4720cc4000-7f4720d43000 r--p 009fa000 fc:00 29888246                   /usr/lib/jvm/java-7-openjdk-amd64/jre/lib/amd64/server/libjvm.so
7f4720d43000-7f4720d66000 rw-p 00a79000 fc:00 29888246                   /usr/lib/jvm/java-7-openjdk-amd64/jre/lib/amd64/server/libjvm.so
7f4720d66000-7f4720d91000 rw-p 00000000 00:00 0 
7f4720d91000-7f4720da7000 r-xp 00000000 fc:00 34082358                   /lib/x86_64-linux-gnu/libz.so.1.2.7
7f4720da7000-7f4720fa6000 ---p 00016000 fc:00 34082358                   /lib/x86_64-linux-gnu/libz.so.1.2.7
7f4720fa6000-7f4720fa7000 r--p 00015000 fc:00 34082358                   /lib/x86_64-linux-gnu/libz.so.1.2.7
7f4720fa7000-7f4720fa8000 rw-p 00016000 fc:00 34082358                   /lib/x86_64-linux-gnu/libz.so.1.2.7
7f4720fa8000-7f4720fc0000 r-xp 00000000 fc:00 34082320                   /lib/x86_64-linux-gnu/libpthread-2.15.so
7f4720fc0000-7f47211bf000 ---p 00018000 fc:00 34082320                   /lib/x86_64-linux-gnu/libpthread-2.15.so
7f47211bf000-7f47211c0000 r--p 00017000 fc:00 34082320                   /lib/x86_64-linux-gnu/libpthread-2.15.so
7f47211c0000-7f47211c1000 rw-p 00018000 fc:00 34082320                   /lib/x86_64-linux-gnu/libpthread-2.15.so
7f47211c1000-7f47211c5000 rw-p 00000000 00:00 0 
7f47211c5000-7f47211c7000 r-xp 00000000 fc:00 34082239                   /lib/x86_64-linux-gnu/libdl-2.15.so
7f47211c7000-7f47213c7000 ---p 00002000 fc:00 34082239                   /lib/x86_64-linux-gnu/libdl-2.15.so
7f47213c7000-7f47213c8000 r--p 00002000 fc:00 34082239                   /lib/x86_64-linux-gnu/libdl-2.15.so
7f47213c8000-7f47213c9000 rw-p 00003000 fc:00 34082239                   /lib/x86_64-linux-gnu/libdl-2.15.so
7f47213c9000-7f472157e000 r-xp 00000000 fc:00 34082224                   /lib/x86_64-linux-gnu/libc-2.15.so
7f472157e000-7f472177d000 ---p 001b5000 fc:00 34082224                   /lib/x86_64-linux-gnu/libc-2.15.so
7f472177d000-7f4721781000 r--p 001b4000 fc:00 34082224                   /lib/x86_64-linux-gnu/libc-2.15.so
7f4721781000-7f4721783000 rw-p 001b8000 fc:00 34082224                   /lib/x86_64-linux-gnu/libc-2.15.so
7f4721783000-7f4721788000 rw-p 00000000 00:00 0 
7f47217a4000-7f47217b1000 r-xp 00000000 fc:00 29887725                   /usr/lib/jvm/java-7-openjdk-amd64/jre/lib/amd64/jli/libjli.so
7f47217b1000-7f47219b0000 ---p 0000d000 fc:00 29887725                   /usr/lib/jvm/java-7-openjdk-amd64/jre/lib/amd64/jli/libjli.so
7f47219b0000-7f47219b1000 r--p 0000c000 fc:00 29887725                   /usr/lib/jvm/java-7-openjdk-amd64/jre/lib/amd64/jli/libjli.so
7f47219b1000-7f47219b2000 rw-p 0000d000 fc:00 29887725                   /usr/lib/jvm/java-7-openjdk-amd64/jre/lib/amd64/jli/libjli.so
7f47219b2000-7f47219d4000 r-xp 00000000 fc:00 34082202                   /lib/x86_64-linux-gnu/ld-2.15.so
7f47219da000-7f4721a0c000 rw-p 00000000 00:00 0 
7f4721a0c000-7f4721ac2000 rw-p 00000000 00:00 0 
7f4721ac2000-7f4721aca000 rw-s 00000000 fc:00 15990829                   /tmp/hsperfdata_renan/9761
7f4721aca000-7f4721acb000 rw-p 00000000 00:00 0 
7f4721acb000-7f4721acc000 r--p 00000000 00:00 0 
7f4721acc000-7f4721acf000 ---p 00000000 00:00 0 
7f4721acf000-7f4721bd4000 rw-p 00000000 00:00 0                          [stack:9766]
7f4721bd4000-7f4721bd5000 r--p 00022000 fc:00 34082202                   /lib/x86_64-linux-gnu/ld-2.15.so
7f4721bd5000-7f4721bd7000 rw-p 00023000 fc:00 34082202                   /lib/x86_64-linux-gnu/ld-2.15.so
7fffd99b5000-7fffd99d6000 rw-p 00000000 00:00 0                          [stack]
7fffd99ff000-7fffd9a00000 r-xp 00000000 00:00 0                          [vdso]
ffffffffff600000-ffffffffff601000 r-xp 00000000 00:00 0                  [vsyscall]

VM Arguments:
jvm_args: -Dfile.encoding=UTF-8 -Xbootclasspath:/home/renan/Documentos/Programas/adt-bundle-linux-x86_64/sdk/platforms/android-17/android.jar 
java_command: com.dispositivo.buslocation.DB
Launcher Type: SUN_STANDARD

Environment Variables:
PATH=/usr/lib/lightdm/lightdm:/usr/local/sbin:/usr/local/bin:/usr/sbin:/usr/bin:/sbin:/bin:/usr/games:/usr/local/games
SHELL=/bin/bash
DISPLAY=:0

Signal Handlers:
SIGSEGV: [libjvm.so+0x8574f0], sa_mask[0]=0x7ffbfeff, sa_flags=0x10000004
SIGBUS: [libjvm.so+0x8574f0], sa_mask[0]=0x7ffbfeff, sa_flags=0x10000004
SIGFPE: [libjvm.so+0x6f81f0], sa_mask[0]=0x7ffbfeff, sa_flags=0x10000004
SIGPIPE: [libjvm.so+0x6f81f0], sa_mask[0]=0x7ffbfeff, sa_flags=0x10000004
SIGXFSZ: [libjvm.so+0x6f81f0], sa_mask[0]=0x7ffbfeff, sa_flags=0x10000004
SIGILL: [libjvm.so+0x6f81f0], sa_mask[0]=0x7ffbfeff, sa_flags=0x10000004
SIGUSR1: SIG_DFL, sa_mask[0]=0x00000000, sa_flags=0x00000000
SIGUSR2: [libjvm.so+0x6f8440], sa_mask[0]=0x00000004, sa_flags=0x10000004
SIGHUP: SIG_DFL, sa_mask[0]=0x00000000, sa_flags=0x00000000
SIGINT: SIG_DFL, sa_mask[0]=0x00000000, sa_flags=0x00000000
SIGTERM: SIG_DFL, sa_mask[0]=0x00000000, sa_flags=0x00000000
SIGQUIT: SIG_DFL, sa_mask[0]=0x00000000, sa_flags=0x00000000


---------------  S Y S T E M  ---------------

OS:Ubuntu 12.10 (quantal)
uname:Linux 3.5.0-23-generic #35-Ubuntu SMP Thu Jan 24 13:15:40 UTC 2013 x86_64
libc:glibc 2.15 NPTL 2.15 
rlimit: STACK 8192k, CORE 0k, NPROC 46767, NOFILE 4096, AS infinity
load average:0.41 0.48 0.57

/proc/meminfo:
MemTotal:        6005420 kB
MemFree:         1659812 kB
Buffers:          164416 kB
Cached:          1607032 kB
SwapCached:            0 kB
Active:          2848772 kB
Inactive:        1194324 kB
Active(anon):    2291448 kB
Inactive(anon):   356516 kB
Active(file):     557324 kB
Inactive(file):   837808 kB
Unevictable:       31424 kB
Mlocked:           31440 kB
SwapTotal:       6184956 kB
SwapFree:        6184956 kB
Dirty:              1116 kB
Writeback:             0 kB
AnonPages:       2303476 kB
Mapped:           221216 kB
Shmem:            370488 kB
Slab:             131536 kB
SReclaimable:      99480 kB
SUnreclaim:        32056 kB
KernelStack:        4400 kB
PageTables:        41868 kB
NFS_Unstable:          0 kB
Bounce:                0 kB
WritebackTmp:          0 kB
CommitLimit:     9187664 kB
Committed_AS:    6718428 kB
VmallocTotal:   34359738367 kB
VmallocUsed:      374720 kB
VmallocChunk:   34359356924 kB
HardwareCorrupted:     0 kB
AnonHugePages:         0 kB
HugePages_Total:       0
HugePages_Free:        0
HugePages_Rsvd:        0
HugePages_Surp:        0
Hugepagesize:       2048 kB
DirectMap4k:      129020 kB
DirectMap2M:     6057984 kB


CPU:total 4 (2 cores per cpu, 2 threads per core) family 6 model 42 stepping 7, cmov, cx8, fxsr, mmx, sse, sse2, sse3, ssse3, sse4.1, sse4.2, popcnt, avx, ht, tsc, tscinvbit

/proc/cpuinfo:
processor	: 0
vendor_id	: GenuineIntel
cpu family	: 6
model		: 42
model name	: Intel(R) Core(TM) i5-2430M CPU @ 2.40GHz
stepping	: 7
microcode	: 0x23
cpu MHz		: 1600.000
cache size	: 3072 KB
physical id	: 0
siblings	: 4
core id		: 0
cpu cores	: 2
apicid		: 0
initial apicid	: 0
fpu		: yes
fpu_exception	: yes
cpuid level	: 13
wp		: yes
flags		: fpu vme de pse tsc msr pae mce cx8 apic sep mtrr pge mca cmov pat pse36 clflush dts acpi mmx fxsr sse sse2 ss ht tm pbe syscall nx rdtscp lm constant_tsc arch_perfmon pebs bts nopl xtopology nonstop_tsc aperfmperf pni pclmulqdq dtes64 monitor ds_cpl vmx est tm2 ssse3 cx16 xtpr pdcm pcid sse4_1 sse4_2 x2apic popcnt tsc_deadline_timer aes xsave avx lahf_lm ida arat epb xsaveopt pln pts dtherm tpr_shadow vnmi flexpriority ept vpid
bogomips	: 4784.51
clflush size	: 64
cache_alignment	: 64
address sizes	: 36 bits physical, 48 bits virtual
power management:

processor	: 1
vendor_id	: GenuineIntel
cpu family	: 6
model		: 42
model name	: Intel(R) Core(TM) i5-2430M CPU @ 2.40GHz
stepping	: 7
microcode	: 0x23
cpu MHz		: 2401.000
cache size	: 3072 KB
physical id	: 0
siblings	: 4
core id		: 0
cpu cores	: 2
apicid		: 1
initial apicid	: 1
fpu		: yes
fpu_exception	: yes
cpuid level	: 13
wp		: yes
flags		: fpu vme de pse tsc msr pae mce cx8 apic sep mtrr pge mca cmov pat pse36 clflush dts acpi mmx fxsr sse sse2 ss ht tm pbe syscall nx rdtscp lm constant_tsc arch_perfmon pebs bts nopl xtopology nonstop_tsc aperfmperf pni pclmulqdq dtes64 monitor ds_cpl vmx est tm2 ssse3 cx16 xtpr pdcm pcid sse4_1 sse4_2 x2apic popcnt tsc_deadline_timer aes xsave avx lahf_lm ida arat epb xsaveopt pln pts dtherm tpr_shadow vnmi flexpriority ept vpid
bogomips	: 4784.51
clflush size	: 64
cache_alignment	: 64
address sizes	: 36 bits physical, 48 bits virtual
power management:

processor	: 2
vendor_id	: GenuineIntel
cpu family	: 6
model		: 42
model name	: Intel(R) Core(TM) i5-2430M CPU @ 2.40GHz
stepping	: 7
microcode	: 0x23
cpu MHz		: 2000.000
cache size	: 3072 KB
physical id	: 0
siblings	: 4
core id		: 1
cpu cores	: 2
apicid		: 2
initial apicid	: 2
fpu		: yes
fpu_exception	: yes
cpuid level	: 13
wp		: yes
flags		: fpu vme de pse tsc msr pae mce cx8 apic sep mtrr pge mca cmov pat pse36 clflush dts acpi mmx fxsr sse sse2 ss ht tm pbe syscall nx rdtscp lm constant_tsc arch_perfmon pebs bts nopl xtopology nonstop_tsc aperfmperf pni pclmulqdq dtes64 monitor ds_cpl vmx est tm2 ssse3 cx16 xtpr pdcm pcid sse4_1 sse4_2 x2apic popcnt tsc_deadline_timer aes xsave avx lahf_lm ida arat epb xsaveopt pln pts dtherm tpr_shadow vnmi flexpriority ept vpid
bogomips	: 4784.51
clflush size	: 64
cache_alignment	: 64
address sizes	: 36 bits physical, 48 bits virtual
power management:

processor	: 3
vendor_id	: GenuineIntel
cpu family	: 6
model		: 42
model name	: Intel(R) Core(TM) i5-2430M CPU @ 2.40GHz
stepping	: 7
microcode	: 0x23
cpu MHz		: 1000.000
cache size	: 3072 KB
physical id	: 0
siblings	: 4
core id		: 1
cpu cores	: 2
apicid		: 3
initial apicid	: 3
fpu		: yes
fpu_exception	: yes
cpuid level	: 13
wp		: yes
flags		: fpu vme de pse tsc msr pae mce cx8 apic sep mtrr pge mca cmov pat pse36 clflush dts acpi mmx fxsr sse sse2 ss ht tm pbe syscall nx rdtscp lm constant_tsc arch_perfmon pebs bts nopl xtopology nonstop_tsc aperfmperf pni pclmulqdq dtes64 monitor ds_cpl vmx est tm2 ssse3 cx16 xtpr pdcm pcid sse4_1 sse4_2 x2apic popcnt tsc_deadline_timer aes xsave avx lahf_lm ida arat epb xsaveopt pln pts dtherm tpr_shadow vnmi flexpriority ept vpid
bogomips	: 4784.51
clflush size	: 64
cache_alignment	: 64
address sizes	: 36 bits physical, 48 bits virtual
power management:



Memory: 4k page, physical 6005420k(1659812k free), swap 6184956k(6184956k free)

vm_info: OpenJDK 64-Bit Server VM (23.2-b09) for linux-amd64 JRE (1.7.0_09-b30), built on Jan 16 2013 03:28:09 by "buildd" with gcc 4.7.2

time: Mon Feb 18 10:17:40 2013
elapsed time: 0 seconds

